<?xml version="1.0" encoding="UTF-8"?>
<testng-results ignored="0" total="1" passed="1" failed="0" skipped="0">
  <reporter-output>
  </reporter-output>
  <suite started-at="2024-05-01T09:32:48 IST" name="Default suite" finished-at="2024-05-01T09:32:56 IST" duration-ms="8480">
    <groups>
    </groups>
    <test started-at="2024-05-01T09:32:48 IST" name="Default test" finished-at="2024-05-01T09:32:56 IST" duration-ms="8480">
      <class name="actualTC.VerifyTitleofHomepage">
        <test-method is-config="true" signature="beforeSuiteConfig()[pri:0, instance:actualTC.VerifyTitleofHomepage@942a29c]" started-at="2024-05-01T09:32:48 IST" name="beforeSuiteConfig" finished-at="2024-05-01T09:32:48 IST" duration-ms="11" status="PASS">
          <reporter-output>
          </reporter-output>
        </test-method> <!-- beforeSuiteConfig -->
        <test-method is-config="true" signature="beforclassConfig()[pri:0, instance:actualTC.VerifyTitleofHomepage@942a29c]" started-at="2024-05-01T09:32:48 IST" name="beforclassConfig" finished-at="2024-05-01T09:32:54 IST" duration-ms="6386" status="PASS">
          <reporter-output>
          </reporter-output>
        </test-method> <!-- beforclassConfig -->
        <test-method is-config="true" signature="beforeMethodConfig()[pri:0, instance:actualTC.VerifyTitleofHomepage@942a29c]" started-at="2024-05-01T09:32:54 IST" name="beforeMethodConfig" finished-at="2024-05-01T09:32:55 IST" duration-ms="612" status="PASS">
          <reporter-output>
          </reporter-output>
        </test-method> <!-- beforeMethodConfig -->
        <test-method signature="TC()[pri:0, instance:actualTC.VerifyTitleofHomepage@942a29c]" started-at="2024-05-01T09:32:55 IST" name="TC" finished-at="2024-05-01T09:32:55 IST" duration-ms="19" status="PASS">
          <reporter-output>
          </reporter-output>
        </test-method> <!-- TC -->
        <test-method is-config="true" signature="afterMethodConfig()[pri:0, instance:actualTC.VerifyTitleofHomepage@942a29c]" started-at="2024-05-01T09:32:55 IST" name="afterMethodConfig" finished-at="2024-05-01T09:32:55 IST" duration-ms="3" status="PASS">
          <reporter-output>
          </reporter-output>
        </test-method> <!-- afterMethodConfig -->
        <test-method is-config="true" signature="afterClassConfig()[pri:0, instance:actualTC.VerifyTitleofHomepage@942a29c]" started-at="2024-05-01T09:32:55 IST" name="afterClassConfig" finished-at="2024-05-01T09:32:56 IST" duration-ms="1387" status="PASS">
          <reporter-output>
          </reporter-output>
        </test-method> <!-- afterClassConfig -->
        <test-method is-config="true" signature="afterSuiteConfig()[pri:0, instance:actualTC.VerifyTitleofHomepage@942a29c]" started-at="2024-05-01T09:32:56 IST" name="afterSuiteConfig" finished-at="2024-05-01T09:32:56 IST" duration-ms="1" status="PASS">
          <reporter-output>
          </reporter-output>
        </test-method> <!-- afterSuiteConfig -->
      </class> <!-- actualTC.VerifyTitleofHomepage -->
    </test> <!-- Default test -->
  </suite> <!-- Default suite -->
</testng-results>
